Using pre-set license
Built from '2021.3/staging' branch; Version is '2021.3.16f1 (4016570cf34f) revision 4200023'; Using compiler version '192829333'; Build Type 'Release'
OS: 'Windows 11  (10.0.22000) 64bit CoreCountrySpecific' Language: 'zh' Physical Memory: 32492 MB
BatchMode: 1, IsHumanControllingUs: 0, StartBugReporterOnCrash: 0, Is64bit: 1, IsPro: 1

COMMAND LINE ARGUMENTS:
E:\Unity2021\Install\2021.3.16f1\Editor\Unity.exe
-adb2
-batchMode
-noUpm
-name
AssetImportWorker0
-projectPath
E:/快速访问/文档/GitHub/Mobius-Game-Project/MOBIUS
-logFile
Logs/AssetImportWorker0.log
-srvPort
51585
Successfully changed project path to: E:/快速访问/文档/GitHub/Mobius-Game-Project/MOBIUS
E:/快速访问/文档/GitHub/Mobius-Game-Project/MOBIUS
[UnityMemory] Configuration Parameters - Can be set up in boot.config
    "memorysetup-bucket-allocator-granularity=16"
    "memorysetup-bucket-allocator-bucket-count=8"
    "memorysetup-bucket-allocator-block-size=33554432"
    "memorysetup-bucket-allocator-block-count=8"
    "memorysetup-main-allocator-block-size=16777216"
    "memorysetup-thread-allocator-block-size=16777216"
    "memorysetup-gfx-main-allocator-block-size=16777216"
    "memorysetup-gfx-thread-allocator-block-size=16777216"
    "memorysetup-cache-allocator-block-size=4194304"
    "memorysetup-typetree-allocator-block-size=2097152"
    "memorysetup-profiler-bucket-allocator-granularity=16"
    "memorysetup-profiler-bucket-allocator-bucket-count=8"
    "memorysetup-profiler-bucket-allocator-block-size=33554432"
    "memorysetup-profiler-bucket-allocator-block-count=8"
    "memorysetup-profiler-allocator-block-size=16777216"
    "memorysetup-profiler-editor-allocator-block-size=1048576"
    "memorysetup-temp-allocator-size-main=16777216"
    "memorysetup-job-temp-allocator-block-size=2097152"
    "memorysetup-job-temp-allocator-block-size-background=1048576"
    "memorysetup-job-temp-allocator-reduction-small-platforms=262144"
    "memorysetup-temp-allocator-size-background-worker=32768"
    "memorysetup-temp-allocator-size-job-worker=262144"
    "memorysetup-temp-allocator-size-preload-manager=33554432"
    "memorysetup-temp-allocator-size-nav-mesh-worker=65536"
    "memorysetup-temp-allocator-size-audio-worker=65536"
    "memorysetup-temp-allocator-size-cloud-worker=32768"
    "memorysetup-temp-allocator-size-gi-baking-worker=262144"
    "memorysetup-temp-allocator-size-gfx=262144"
Player connection [35692] Host "[IP] 169.254.175.229 [Port] 0 [Flags] 2 [Guid] 1618724510 [EditorId] 1618724510 [Version] 1048832 [Id] WindowsEditor(7,LAPTOP-4LT9LU65) [Debug] 1 [PackageName] WindowsEditor [ProjectName] Editor" joined multi-casting on [225.0.0.222:54997]...

Player connection [35692] Host "[IP] 169.254.175.229 [Port] 0 [Flags] 2 [Guid] 1618724510 [EditorId] 1618724510 [Version] 1048832 [Id] WindowsEditor(7,LAPTOP-4LT9LU65) [Debug] 1 [PackageName] WindowsEditor [ProjectName] Editor" joined alternative multi-casting on [225.0.0.222:34997]...

Refreshing native plugins compatible for Editor in 32.42 ms, found 3 plugins.
Preloading 0 native plugins for Editor in 0.00 ms.
Initialize engine version: 2021.3.16f1 (4016570cf34f)
[Subsystems] Discovering subsystems at path E:/Unity2021/Install/2021.3.16f1/Editor/Data/Resources/UnitySubsystems
[Subsystems] Discovering subsystems at path E:/快速访问/文档/GitHub/Mobius-Game-Project/MOBIUS/Assets
GfxDevice: creating device client; threaded=0; jobified=0
Direct3D:
    Version:  Direct3D 11.0 [level 11.1]
    Renderer: NVIDIA GeForce RTX 3060 Laptop GPU (ID=0x2560)
    Vendor:   NVIDIA
    VRAM:     6023 MB
    Driver:   31.0.15.1700
Initialize mono
Mono path[0] = 'E:/Unity2021/Install/2021.3.16f1/Editor/Data/Managed'
Mono path[1] = 'E:/Unity2021/Install/2021.3.16f1/Editor/Data/MonoBleedingEdge/lib/mono/unityjit-win32'
Mono config path = 'E:/Unity2021/Install/2021.3.16f1/Editor/Data/MonoBleedingEdge/etc'
Using monoOptions --debugger-agent=transport=dt_socket,embedding=1,server=y,suspend=n,address=127.0.0.1:56512
Begin MonoManager ReloadAssembly
Registering precompiled unity dll's ...
Register platform support module: E:/Unity2021/Install/2021.3.16f1/Editor/Data/PlaybackEngines/WindowsStandaloneSupport/UnityEditor.WindowsStandalone.Extensions.dll
Registered in 0.001213 seconds.
Native extension for WindowsStandalone target not found
Refreshing native plugins compatible for Editor in 26.51 ms, found 3 plugins.
Preloading 0 native plugins for Editor in 0.00 ms.
Mono: successfully reloaded assembly
- Completed reload, in  0.401 seconds
Domain Reload Profiling:
	ReloadAssembly (402ms)
		BeginReloadAssembly (55ms)
			ExecutionOrderSort (0ms)
			DisableScriptedObjects (0ms)
			BackupInstance (0ms)
			ReleaseScriptingObjects (0ms)
			CreateAndSetChildDomain (0ms)
		EndReloadAssembly (282ms)
			LoadAssemblies (55ms)
			RebuildTransferFunctionScriptingTraits (0ms)
			SetupTypeCache (72ms)
			ReleaseScriptCaches (0ms)
			RebuildScriptCaches (18ms)
			SetupLoadedEditorAssemblies (161ms)
				LogAssemblyErrors (0ms)
				InitializePlatformSupportModulesInManaged (5ms)
				SetLoadedEditorAssemblies (0ms)
				RefreshPlugins (27ms)
				BeforeProcessingInitializeOnLoad (1ms)
				ProcessInitializeOnLoadAttributes (97ms)
				ProcessInitializeOnLoadMethodAttributes (31ms)
				AfterProcessingInitializeOnLoad (0ms)
				EditorAssembliesLoaded (0ms)
			ExecutionOrderSort2 (0ms)
			AwakeInstancesAfterBackupRestoration (0ms)
Platform modules already initialized, skipping
Registering precompiled user dll's ...
Registered in 0.002644 seconds.
Begin MonoManager ReloadAssembly
Native extension for WindowsStandalone target not found
Refreshing native plugins compatible for Editor in 24.67 ms, found 3 plugins.
Preloading 0 native plugins for Editor in 0.00 ms.
Mono: successfully reloaded assembly
- Completed reload, in  0.655 seconds
Domain Reload Profiling:
	ReloadAssembly (655ms)
		BeginReloadAssembly (84ms)
			ExecutionOrderSort (0ms)
			DisableScriptedObjects (4ms)
			BackupInstance (0ms)
			ReleaseScriptingObjects (0ms)
			CreateAndSetChildDomain (14ms)
		EndReloadAssembly (500ms)
			LoadAssemblies (68ms)
			RebuildTransferFunctionScriptingTraits (0ms)
			SetupTypeCache (137ms)
			ReleaseScriptCaches (0ms)
			RebuildScriptCaches (30ms)
			SetupLoadedEditorAssemblies (243ms)
				LogAssemblyErrors (0ms)
				InitializePlatformSupportModulesInManaged (2ms)
				SetLoadedEditorAssemblies (0ms)
				RefreshPlugins (25ms)
				BeforeProcessingInitializeOnLoad (38ms)
				ProcessInitializeOnLoadAttributes (146ms)
				ProcessInitializeOnLoadMethodAttributes (31ms)
				AfterProcessingInitializeOnLoad (2ms)
				EditorAssembliesLoaded (0ms)
			ExecutionOrderSort2 (0ms)
			AwakeInstancesAfterBackupRestoration (5ms)
Platform modules already initialized, skipping
========================================================================
Worker process is ready to serve import requests
Launched and connected shader compiler UnityShaderCompiler.exe after 0.04 seconds
Refreshing native plugins compatible for Editor in 0.35 ms, found 3 plugins.
Preloading 0 native plugins for Editor in 0.00 ms.
Unloading 2475 Unused Serialized files (Serialized files now loaded: 0)
Unloading 33 unused Assets / (56.7 KB). Loaded Objects now: 2938.
Memory consumption went from 115.8 MB to 115.7 MB.
Total: 2.456100 ms (FindLiveObjects: 0.136200 ms CreateObjectMapping: 0.057800 ms MarkObjects: 2.199100 ms  DeleteObjects: 0.062200 ms)

AssetImportParameters requested are different than current active one (requested -> active):
  custom:video-decoder-ogg-theora: a1e56fd34408186e4bbccfd4996cb3dc -> 
  custom:container-muxer-webm: aa71ff27fc2769a1b78a27578f13a17b -> 
  custom:container-demuxer-webm: 4f35f7cbe854078d1ac9338744f61a02 -> 
  custom:video-encoder-webm-vp8: eb34c28f22e8b96e1ab97ce403110664 -> 
  custom:video-codec-MediaFoundation-h265: 746d11721c4dcdbdad8f713fa42b33f4 -> 
  custom:audio-encoder-webm-vorbis: bf7c407c2cedff20999df2af8eb42d56 -> 
  custom:framework-win-MediaFoundation: 216162199b28c13a410421893ffa2e32 -> 
  custom:container-demuxer-ogg: 62fdf1f143b41e24485cea50d1cbac27 -> 
  custom:video-decoder-webm-vp8: 9c59270c3fd7afecdb556c50c9e8de78 -> 
  custom:audio-decoder-ogg-vorbis: bf7c407c2cedff20999df2af8eb42d56 -> 
========================================================================
Received Import Request.
  Time since last request: 207449.817176 seconds.
  path: Assets/Scenes/Menu.unity
  artifactKey: Guid(d890317a8bf17de40bb01a9e25875a44) Importer(815301076,1909f56bfc062723c751e8b465ee728b)
Start importing Assets/Scenes/Menu.unity using Guid(d890317a8bf17de40bb01a9e25875a44) Importer(815301076,1909f56bfc062723c751e8b465ee728b)  -> (artifact id: 'dccb9c3df94d55ff2e837b359af16f7e') in 0.003846 seconds 
========================================================================
Received Prepare
Registering precompiled user dll's ...
Registered in 0.002906 seconds.
Begin MonoManager ReloadAssembly
Native extension for WindowsStandalone target not found
Refreshing native plugins compatible for Editor in 0.55 ms, found 3 plugins.
Preloading 0 native plugins for Editor in 0.00 ms.
Mono: successfully reloaded assembly
- Completed reload, in  0.684 seconds
Domain Reload Profiling:
	ReloadAssembly (685ms)
		BeginReloadAssembly (96ms)
			ExecutionOrderSort (0ms)
			DisableScriptedObjects (5ms)
			BackupInstance (0ms)
			ReleaseScriptingObjects (0ms)
			CreateAndSetChildDomain (23ms)
		EndReloadAssembly (530ms)
			LoadAssemblies (64ms)
			RebuildTransferFunctionScriptingTraits (0ms)
			SetupTypeCache (134ms)
			ReleaseScriptCaches (1ms)
			RebuildScriptCaches (29ms)
			SetupLoadedEditorAssemblies (267ms)
				LogAssemblyErrors (0ms)
				InitializePlatformSupportModulesInManaged (9ms)
				SetLoadedEditorAssemblies (1ms)
				RefreshPlugins (1ms)
				BeforeProcessingInitializeOnLoad (44ms)
				ProcessInitializeOnLoadAttributes (177ms)
				ProcessInitializeOnLoadMethodAttributes (35ms)
				AfterProcessingInitializeOnLoad (2ms)
				EditorAssembliesLoaded (0ms)
			ExecutionOrderSort2 (0ms)
			AwakeInstancesAfterBackupRestoration (10ms)
Platform modules already initialized, skipping
Refreshing native plugins compatible for Editor in 1.43 ms, found 3 plugins.
Preloading 0 native plugins for Editor in 0.00 ms.
Unloading 2451 Unused Serialized files (Serialized files now loaded: 0)
Unloading 20 unused Assets / (24.6 KB). Loaded Objects now: 2941.
Memory consumption went from 113.8 MB to 113.8 MB.
Total: 2.454900 ms (FindLiveObjects: 0.146500 ms CreateObjectMapping: 0.054700 ms MarkObjects: 2.235800 ms  DeleteObjects: 0.017200 ms)

AssetImportParameters requested are different than current active one (requested -> active):
  custom:video-decoder-ogg-theora: a1e56fd34408186e4bbccfd4996cb3dc -> 
  custom:container-muxer-webm: aa71ff27fc2769a1b78a27578f13a17b -> 
  custom:container-demuxer-webm: 4f35f7cbe854078d1ac9338744f61a02 -> 
  custom:video-encoder-webm-vp8: eb34c28f22e8b96e1ab97ce403110664 -> 
  custom:video-codec-MediaFoundation-h265: 746d11721c4dcdbdad8f713fa42b33f4 -> 
  custom:audio-encoder-webm-vorbis: bf7c407c2cedff20999df2af8eb42d56 -> 
  custom:framework-win-MediaFoundation: 216162199b28c13a410421893ffa2e32 -> 
  custom:container-demuxer-ogg: 62fdf1f143b41e24485cea50d1cbac27 -> 
  custom:video-decoder-webm-vp8: 9c59270c3fd7afecdb556c50c9e8de78 -> 
  custom:audio-decoder-ogg-vorbis: bf7c407c2cedff20999df2af8eb42d56 -> 
========================================================================
Received Import Request.
  Time since last request: 80.938545 seconds.
  path: Assets/Textures/COMIC SDF.asset
  artifactKey: Guid(6f900043ed1259448b673a8abbf5ed4c) Importer(815301076,1909f56bfc062723c751e8b465ee728b)
Start importing Assets/Textures/COMIC SDF.asset using Guid(6f900043ed1259448b673a8abbf5ed4c) Importer(815301076,1909f56bfc062723c751e8b465ee728b)  -> (artifact id: 'a888b7bbe0fb1284b53bd5b71ca9c0d4') in 0.106591 seconds 
========================================================================
Received Import Request.
  Time since last request: 0.000016 seconds.
  path: Assets/Textures/COMIC.TTF
  artifactKey: Guid(b854ae0b05b5f9a4288ea8be2918b864) Importer(815301076,1909f56bfc062723c751e8b465ee728b)
Start importing Assets/Textures/COMIC.TTF using Guid(b854ae0b05b5f9a4288ea8be2918b864) Importer(815301076,1909f56bfc062723c751e8b465ee728b)  -> (artifact id: 'b1bc5fc010b48b1243afe2557b92cbb3') in 0.017789 seconds 
========================================================================
Received Import Request.
  Time since last request: 59.052575 seconds.
  path: Assets/Prefabs/新建渲染器纹理.renderTexture
  artifactKey: Guid(8c6a610677c3f4b45b08e0e5cf6e5be5) Importer(815301076,1909f56bfc062723c751e8b465ee728b)
Start importing Assets/Prefabs/新建渲染器纹理.renderTexture using Guid(8c6a610677c3f4b45b08e0e5cf6e5be5) Importer(815301076,1909f56bfc062723c751e8b465ee728b)  -> (artifact id: '2fa9a7ed6e99ae67c770150ef234729a') in 0.011801 seconds 
========================================================================
Received Import Request.
  Time since last request: 26.589321 seconds.
  path: Assets/Scenes/V1.renderTexture
  artifactKey: Guid(8c6a610677c3f4b45b08e0e5cf6e5be5) Importer(815301076,1909f56bfc062723c751e8b465ee728b)
Start importing Assets/Scenes/V1.renderTexture using Guid(8c6a610677c3f4b45b08e0e5cf6e5be5) Importer(815301076,1909f56bfc062723c751e8b465ee728b)  -> (artifact id: '8bd21c1de4aa5bcbdec5980bdd7f9d4a') in 0.005967 seconds 
========================================================================
Received Import Request.
  Time since last request: 72.056601 seconds.
  path: Assets
  artifactKey: Guid(00000000000000001000000000000000) Importer(815301076,1909f56bfc062723c751e8b465ee728b)
Start importing Assets using Guid(00000000000000001000000000000000) Importer(815301076,1909f56bfc062723c751e8b465ee728b)  -> (artifact id: '79842766b460edbeab6a34051e857a80') in 0.001032 seconds 
========================================================================
Received Import Request.
  Time since last request: 7.406190 seconds.
  path: Assets/Video
  artifactKey: Guid(e2b52852027f55e40969096f9d8fe6c4) Importer(815301076,1909f56bfc062723c751e8b465ee728b)
Start importing Assets/Video using Guid(e2b52852027f55e40969096f9d8fe6c4) Importer(815301076,1909f56bfc062723c751e8b465ee728b)  -> (artifact id: 'dac4dc2f53ffcca2f07a8422462c5a5f') in 0.001223 seconds 
========================================================================
Received Import Request.
  Time since last request: 54.460878 seconds.
  path: Assets/Video/0.MP4
  artifactKey: Guid(167159a3f7ba2d74f9512c8b49c6d6ff) Importer(815301076,1909f56bfc062723c751e8b465ee728b)
Start importing Assets/Video/0.MP4 using Guid(167159a3f7ba2d74f9512c8b49c6d6ff) Importer(815301076,1909f56bfc062723c751e8b465ee728b)  -> (artifact id: 'e6c0033d1ceae2aa0b4fb8c6060da6c0') in 0.030624 seconds 
========================================================================
Received Import Request.
  Time since last request: 26.782923 seconds.
  path: Assets/Video/V0.renderTexture
  artifactKey: Guid(8c6a610677c3f4b45b08e0e5cf6e5be5) Importer(815301076,1909f56bfc062723c751e8b465ee728b)
Start importing Assets/Video/V0.renderTexture using Guid(8c6a610677c3f4b45b08e0e5cf6e5be5) Importer(815301076,1909f56bfc062723c751e8b465ee728b)  -> (artifact id: '5a6f19d1b1a5c3f4d57d49fc61983051') in 0.005520 seconds 
========================================================================
Received Import Request.
  Time since last request: 40.624190 seconds.
  path: Assets/Video/0.MP4
  artifactKey: Guid(167159a3f7ba2d74f9512c8b49c6d6ff) Importer(815301076,1909f56bfc062723c751e8b465ee728b)
Start importing Assets/Video/0.MP4 using Guid(167159a3f7ba2d74f9512c8b49c6d6ff) Importer(815301076,1909f56bfc062723c751e8b465ee728b)  -> (artifact id: '88c3a53f86188f5d5db9163e7e97c4c8') in 0.001762 seconds 
========================================================================
Received Import Request.
  Time since last request: 44.231744 seconds.
  path: Assets/Video/0.MP4
  artifactKey: Guid(167159a3f7ba2d74f9512c8b49c6d6ff) Importer(815301076,1909f56bfc062723c751e8b465ee728b)
Start importing Assets/Video/0.MP4 using Guid(167159a3f7ba2d74f9512c8b49c6d6ff) Importer(815301076,1909f56bfc062723c751e8b465ee728b)  -> (artifact id: 'e6071b632a93ed77e4312d421b09820f') in 0.001465 seconds 
========================================================================
Received Import Request.
  Time since last request: 45.795356 seconds.
  path: Assets/Textures/level1
  artifactKey: Guid(64e071e37f6ec124c9ed6f344f48827b) Importer(815301076,1909f56bfc062723c751e8b465ee728b)
Start importing Assets/Textures/level1 using Guid(64e071e37f6ec124c9ed6f344f48827b) Importer(815301076,1909f56bfc062723c751e8b465ee728b)  -> (artifact id: '098b1e93a577e30fd5b57b000e468657') in 0.001762 seconds 
========================================================================
Received Import Request.
  Time since last request: 0.043838 seconds.
  path: Assets/Textures/level1/7a31016427a1e36f109ebc3f59f82c92.png
  artifactKey: Guid(676c6c8600793414fa0f4749b3a54803) Importer(815301076,1909f56bfc062723c751e8b465ee728b)
Start importing Assets/Textures/level1/7a31016427a1e36f109ebc3f59f82c92.png using Guid(676c6c8600793414fa0f4749b3a54803) Importer(815301076,1909f56bfc062723c751e8b465ee728b)  -> (artifact id: 'af2ffc4d698c2f14534d67aaff99d2f7') in 0.097311 seconds 
========================================================================
Received Import Request.
  Time since last request: 0.000019 seconds.
  path: Assets/Textures/level1/clipart2240913.png
  artifactKey: Guid(f2095ef74cfcf88498f8a08103b2e0e8) Importer(815301076,1909f56bfc062723c751e8b465ee728b)
Start importing Assets/Textures/level1/clipart2240913.png using Guid(f2095ef74cfcf88498f8a08103b2e0e8) Importer(815301076,1909f56bfc062723c751e8b465ee728b)  -> (artifact id: '87b4674fe602a62681d58571cbc68a92') in 0.047013 seconds 
========================================================================
Received Import Request.
  Time since last request: 0.000023 seconds.
  path: Assets/Textures/level1/floor.png
  artifactKey: Guid(6eb14275fdd4de747bfb871e111c569d) Importer(815301076,1909f56bfc062723c751e8b465ee728b)
Start importing Assets/Textures/level1/floor.png using Guid(6eb14275fdd4de747bfb871e111c569d) Importer(815301076,1909f56bfc062723c751e8b465ee728b)  -> (artifact id: 'f8d5f754e79cf9b3ad80ecd76b337dfe') in 0.036461 seconds 
========================================================================
Received Import Request.
  Time since last request: 0.000016 seconds.
  path: Assets/Textures/level1/floor1.png
  artifactKey: Guid(4ddd6acfa8d369649bc96b41c9970002) Importer(815301076,1909f56bfc062723c751e8b465ee728b)
Start importing Assets/Textures/level1/floor1.png using Guid(4ddd6acfa8d369649bc96b41c9970002) Importer(815301076,1909f56bfc062723c751e8b465ee728b)  -> (artifact id: '8775cf6eb515c98a0307fb82ae9a7e6a') in 0.027099 seconds 
========================================================================
Received Import Request.
  Time since last request: 0.000014 seconds.
  path: Assets/Textures/level1/WeChat Image_20230105210741.png
  artifactKey: Guid(c1dae011b0b91754ab76e1b723eea161) Importer(815301076,1909f56bfc062723c751e8b465ee728b)
Start importing Assets/Textures/level1/WeChat Image_20230105210741.png using Guid(c1dae011b0b91754ab76e1b723eea161) Importer(815301076,1909f56bfc062723c751e8b465ee728b)  -> (artifact id: '72d63a3abb73c0657cfd89fa83ee78ef') in 0.028180 seconds 
========================================================================
Received Import Request.
  Time since last request: 0.000014 seconds.
  path: Assets/Textures/level1/¦¦+¦.png
  artifactKey: Guid(c38a20b0d86c37a43b3d437837e77ceb) Importer(815301076,1909f56bfc062723c751e8b465ee728b)
Start importing Assets/Textures/level1/¦¦+¦.png using Guid(c38a20b0d86c37a43b3d437837e77ceb) Importer(815301076,1909f56bfc062723c751e8b465ee728b)  -> (artifact id: '053fbd9c0fb1661fa9792538c0ac1588') in 0.147875 seconds 
========================================================================
Received Import Request.
  Time since last request: 0.000015 seconds.
  path: Assets/Textures/level1/final.png
  artifactKey: Guid(f5230e2317ee13f4da5d51cd2413c487) Importer(815301076,1909f56bfc062723c751e8b465ee728b)
Start importing Assets/Textures/level1/final.png using Guid(f5230e2317ee13f4da5d51cd2413c487) Importer(815301076,1909f56bfc062723c751e8b465ee728b)  -> (artifact id: 'bd3e4d51cf9bc4f0139139cb4504ed04') in 0.074547 seconds 
========================================================================
Received Import Request.
  Time since last request: 0.000023 seconds.
  path: Assets/Textures/level1/WeChat Image_20230105213921.png
  artifactKey: Guid(2da9b825a66dce741a54de9f8d8a298e) Importer(815301076,1909f56bfc062723c751e8b465ee728b)
Start importing Assets/Textures/level1/WeChat Image_20230105213921.png using Guid(2da9b825a66dce741a54de9f8d8a298e) Importer(815301076,1909f56bfc062723c751e8b465ee728b)  -> (artifact id: 'f3cc9ac70f5aabf79aa4d73cc4f28f84') in 0.043004 seconds 
========================================================================
Received Import Request.
  Time since last request: 0.000017 seconds.
  path: Assets/Textures/level1/WeChat Image_20230105210916.png
  artifactKey: Guid(8eba734d00847b84bb915e2ef7926ff4) Importer(815301076,1909f56bfc062723c751e8b465ee728b)
Start importing Assets/Textures/level1/WeChat Image_20230105210916.png using Guid(8eba734d00847b84bb915e2ef7926ff4) Importer(815301076,1909f56bfc062723c751e8b465ee728b)  -> (artifact id: '677cc8dab4e323a3732e1f2d8d3387ea') in 0.028928 seconds 
========================================================================
Received Import Request.
  Time since last request: 97.313682 seconds.
  path: Assets/Scenes/Menu.unity
  artifactKey: Guid(d890317a8bf17de40bb01a9e25875a44) Importer(815301076,1909f56bfc062723c751e8b465ee728b)
Start importing Assets/Scenes/Menu.unity using Guid(d890317a8bf17de40bb01a9e25875a44) Importer(815301076,1909f56bfc062723c751e8b465ee728b)  -> (artifact id: '16456a174d03aa82fcdccbcd7823cc2d') in 0.001210 seconds 
========================================================================
Received Prepare
Registering precompiled user dll's ...
Registered in 0.003139 seconds.
Begin MonoManager ReloadAssembly
Native extension for WindowsStandalone target not found
Refreshing native plugins compatible for Editor in 0.38 ms, found 3 plugins.
Preloading 0 native plugins for Editor in 0.00 ms.
Mono: successfully reloaded assembly
- Completed reload, in  0.666 seconds
Domain Reload Profiling:
	ReloadAssembly (666ms)
		BeginReloadAssembly (96ms)
			ExecutionOrderSort (0ms)
			DisableScriptedObjects (4ms)
			BackupInstance (0ms)
			ReleaseScriptingObjects (0ms)
			CreateAndSetChildDomain (25ms)
		EndReloadAssembly (509ms)
			LoadAssemblies (65ms)
			RebuildTransferFunctionScriptingTraits (0ms)
			SetupTypeCache (137ms)
			ReleaseScriptCaches (1ms)
			RebuildScriptCaches (28ms)
			SetupLoadedEditorAssemblies (250ms)
				LogAssemblyErrors (0ms)
				InitializePlatformSupportModulesInManaged (9ms)
				SetLoadedEditorAssemblies (0ms)
				RefreshPlugins (0ms)
				BeforeProcessingInitializeOnLoad (36ms)
				ProcessInitializeOnLoadAttributes (171ms)
				ProcessInitializeOnLoadMethodAttributes (31ms)
				AfterProcessingInitializeOnLoad (2ms)
				EditorAssembliesLoaded (0ms)
			ExecutionOrderSort2 (0ms)
			AwakeInstancesAfterBackupRestoration (10ms)
Platform modules already initialized, skipping
Refreshing native plugins compatible for Editor in 1.30 ms, found 3 plugins.
Preloading 0 native plugins for Editor in 0.00 ms.
Unloading 2451 Unused Serialized files (Serialized files now loaded: 0)
Unloading 20 unused Assets / (24.7 KB). Loaded Objects now: 3007.
Memory consumption went from 118.1 MB to 118.1 MB.
Total: 2.373800 ms (FindLiveObjects: 0.139800 ms CreateObjectMapping: 0.060200 ms MarkObjects: 2.154600 ms  DeleteObjects: 0.018400 ms)

AssetImportParameters requested are different than current active one (requested -> active):
  custom:video-decoder-ogg-theora: a1e56fd34408186e4bbccfd4996cb3dc -> 
  custom:container-muxer-webm: aa71ff27fc2769a1b78a27578f13a17b -> 
  custom:container-demuxer-webm: 4f35f7cbe854078d1ac9338744f61a02 -> 
  custom:video-encoder-webm-vp8: eb34c28f22e8b96e1ab97ce403110664 -> 
  custom:video-codec-MediaFoundation-h265: 746d11721c4dcdbdad8f713fa42b33f4 -> 
  custom:audio-encoder-webm-vorbis: bf7c407c2cedff20999df2af8eb42d56 -> 
  custom:framework-win-MediaFoundation: 216162199b28c13a410421893ffa2e32 -> 
  custom:container-demuxer-ogg: 62fdf1f143b41e24485cea50d1cbac27 -> 
  custom:video-decoder-webm-vp8: 9c59270c3fd7afecdb556c50c9e8de78 -> 
  custom:audio-decoder-ogg-vorbis: bf7c407c2cedff20999df2af8eb42d56 -> 
========================================================================
Received Prepare
Registering precompiled user dll's ...
Registered in 0.002525 seconds.
Begin MonoManager ReloadAssembly
Native extension for WindowsStandalone target not found
Refreshing native plugins compatible for Editor in 0.48 ms, found 3 plugins.
Preloading 0 native plugins for Editor in 0.00 ms.
Mono: successfully reloaded assembly
- Completed reload, in  0.686 seconds
Domain Reload Profiling:
	ReloadAssembly (687ms)
		BeginReloadAssembly (98ms)
			ExecutionOrderSort (0ms)
			DisableScriptedObjects (5ms)
			BackupInstance (0ms)
			ReleaseScriptingObjects (0ms)
			CreateAndSetChildDomain (22ms)
		EndReloadAssembly (528ms)
			LoadAssemblies (68ms)
			RebuildTransferFunctionScriptingTraits (0ms)
			SetupTypeCache (138ms)
			ReleaseScriptCaches (1ms)
			RebuildScriptCaches (31ms)
			SetupLoadedEditorAssemblies (258ms)
				LogAssemblyErrors (0ms)
				InitializePlatformSupportModulesInManaged (9ms)
				SetLoadedEditorAssemblies (0ms)
				RefreshPlugins (1ms)
				BeforeProcessingInitializeOnLoad (43ms)
				ProcessInitializeOnLoadAttributes (170ms)
				ProcessInitializeOnLoadMethodAttributes (33ms)
				AfterProcessingInitializeOnLoad (2ms)
				EditorAssembliesLoaded (0ms)
			ExecutionOrderSort2 (0ms)
			AwakeInstancesAfterBackupRestoration (9ms)
Platform modules already initialized, skipping
Refreshing native plugins compatible for Editor in 1.26 ms, found 3 plugins.
Preloading 0 native plugins for Editor in 0.00 ms.
Unloading 2451 Unused Serialized files (Serialized files now loaded: 0)
Unloading 20 unused Assets / (24.6 KB). Loaded Objects now: 3010.
Memory consumption went from 118.1 MB to 118.1 MB.
Total: 2.468200 ms (FindLiveObjects: 0.158900 ms CreateObjectMapping: 0.066900 ms MarkObjects: 2.222500 ms  DeleteObjects: 0.018800 ms)

AssetImportParameters requested are different than current active one (requested -> active):
  custom:video-decoder-ogg-theora: a1e56fd34408186e4bbccfd4996cb3dc -> 
  custom:container-muxer-webm: aa71ff27fc2769a1b78a27578f13a17b -> 
  custom:container-demuxer-webm: 4f35f7cbe854078d1ac9338744f61a02 -> 
  custom:video-encoder-webm-vp8: eb34c28f22e8b96e1ab97ce403110664 -> 
  custom:video-codec-MediaFoundation-h265: 746d11721c4dcdbdad8f713fa42b33f4 -> 
  custom:audio-encoder-webm-vorbis: bf7c407c2cedff20999df2af8eb42d56 -> 
  custom:framework-win-MediaFoundation: 216162199b28c13a410421893ffa2e32 -> 
  custom:container-demuxer-ogg: 62fdf1f143b41e24485cea50d1cbac27 -> 
  custom:video-decoder-webm-vp8: 9c59270c3fd7afecdb556c50c9e8de78 -> 
  custom:audio-decoder-ogg-vorbis: bf7c407c2cedff20999df2af8eb42d56 -> 
========================================================================
Received Import Request.
  Time since last request: 147.944519 seconds.
  path: Assets/Scenes/Menu.unity
  artifactKey: Guid(d890317a8bf17de40bb01a9e25875a44) Importer(815301076,1909f56bfc062723c751e8b465ee728b)
Start importing Assets/Scenes/Menu.unity using Guid(d890317a8bf17de40bb01a9e25875a44) Importer(815301076,1909f56bfc062723c751e8b465ee728b)  -> (artifact id: '299f2c2ac26a41d2862230505b165110') in 0.003654 seconds 
========================================================================
Received Prepare
Registering precompiled user dll's ...
Registered in 0.002880 seconds.
Begin MonoManager ReloadAssembly
Native extension for WindowsStandalone target not found
Refreshing native plugins compatible for Editor in 0.41 ms, found 3 plugins.
Preloading 0 native plugins for Editor in 0.00 ms.
Mono: successfully reloaded assembly
- Completed reload, in  0.671 seconds
Domain Reload Profiling:
	ReloadAssembly (672ms)
		BeginReloadAssembly (96ms)
			ExecutionOrderSort (0ms)
			DisableScriptedObjects (4ms)
			BackupInstance (0ms)
			ReleaseScriptingObjects (0ms)
			CreateAndSetChildDomain (23ms)
		EndReloadAssembly (514ms)
			LoadAssemblies (67ms)
			RebuildTransferFunctionScriptingTraits (0ms)
			SetupTypeCache (137ms)
			ReleaseScriptCaches (1ms)
			RebuildScriptCaches (30ms)
			SetupLoadedEditorAssemblies (236ms)
				LogAssemblyErrors (0ms)
				InitializePlatformSupportModulesInManaged (8ms)
				SetLoadedEditorAssemblies (0ms)
				RefreshPlugins (0ms)
				BeforeProcessingInitializeOnLoad (37ms)
				ProcessInitializeOnLoadAttributes (159ms)
				ProcessInitializeOnLoadMethodAttributes (29ms)
				AfterProcessingInitializeOnLoad (2ms)
				EditorAssembliesLoaded (0ms)
			ExecutionOrderSort2 (0ms)
			AwakeInstancesAfterBackupRestoration (9ms)
Platform modules already initialized, skipping
Refreshing native plugins compatible for Editor in 1.38 ms, found 3 plugins.
Preloading 0 native plugins for Editor in 0.00 ms.
Unloading 2451 Unused Serialized files (Serialized files now loaded: 0)
Unloading 20 unused Assets / (24.6 KB). Loaded Objects now: 3013.
Memory consumption went from 118.1 MB to 118.1 MB.
Total: 2.440800 ms (FindLiveObjects: 0.164500 ms CreateObjectMapping: 0.081500 ms MarkObjects: 2.166400 ms  DeleteObjects: 0.026600 ms)

AssetImportParameters requested are different than current active one (requested -> active):
  custom:video-decoder-ogg-theora: a1e56fd34408186e4bbccfd4996cb3dc -> 
  custom:container-muxer-webm: aa71ff27fc2769a1b78a27578f13a17b -> 
  custom:container-demuxer-webm: 4f35f7cbe854078d1ac9338744f61a02 -> 
  custom:video-encoder-webm-vp8: eb34c28f22e8b96e1ab97ce403110664 -> 
  custom:video-codec-MediaFoundation-h265: 746d11721c4dcdbdad8f713fa42b33f4 -> 
  custom:audio-encoder-webm-vorbis: bf7c407c2cedff20999df2af8eb42d56 -> 
  custom:framework-win-MediaFoundation: 216162199b28c13a410421893ffa2e32 -> 
  custom:container-demuxer-ogg: 62fdf1f143b41e24485cea50d1cbac27 -> 
  custom:video-decoder-webm-vp8: 9c59270c3fd7afecdb556c50c9e8de78 -> 
  custom:audio-decoder-ogg-vorbis: bf7c407c2cedff20999df2af8eb42d56 -> 
